[InstallLanguage]
LangID=RUS

[Strings]
AppID={94183618-8888-4034-9FEA-F9029351D9D8}
AdminRights=1

[InstalledFeature]
{B14D6B59-F154-4343-9735-522C66D75B57}=
{235236C1-F86E-43C6-8C6B-0CDAA0D8D7DF}=
{09EB42C5-97A3-4C87-A4CE-CDEA945B98B3}=

[CreateDirs]
d:\temp\FastReport255=

[{AC9AB606-2963-469F-8225-5E67CCB284B5}.CreateDirs]
d:\temp\FastReport255\Source=
d:\temp\FastReport255\Source\ado=
d:\temp\FastReport255\Source\bde=
d:\temp\FastReport255\Source\dbx=
d:\temp\FastReport255\Source\ibx=
d:\temp\FastReport255\Source\newengin=
d:\temp\FastReport255\Source\xxx=

[{AC9AB606-2963-469F-8225-5E67CCB284B5}.CopyFiles]
d:\temp\FastReport255\Source\fr.inc=
d:\temp\FastReport255\Source\fr3.bpk=
d:\temp\FastReport255\Source\fr3.cpp=
d:\temp\FastReport255\Source\fr3.dpk=
d:\temp\FastReport255\Source\fr3.res=
d:\temp\FastReport255\Source\fr4.bpk=
d:\temp\FastReport255\Source\fr4.cpp=
d:\temp\FastReport255\Source\fr4.dpk=
d:\temp\FastReport255\Source\fr4.res=
d:\temp\FastReport255\Source\fr5.bpk=
d:\temp\FastReport255\Source\fr5.cpp=
d:\temp\FastReport255\Source\fr5.dpk=
d:\temp\FastReport255\Source\fr5.res=
d:\temp\FastReport255\Source\fr6.bpk=
d:\temp\FastReport255\Source\fr6.cpp=
d:\temp\FastReport255\Source\fr6.dpk=
d:\temp\FastReport255\Source\fr6.res=
d:\temp\FastReport255\Source\fr7.dpk=
d:\temp\FastReport255\Source\fr7.res=
d:\temp\FastReport255\Source\fr9.bdsproj=
d:\temp\FastReport255\Source\fr9.dpk=
d:\temp\FastReport255\Source\fr9.res=
d:\temp\FastReport255\Source\frbarcod.pas=
d:\temp\FastReport255\Source\frd_db.dfm=
d:\temp\FastReport255\Source\frd_db.pas=
d:\temp\FastReport255\Source\frd_flde.dfm=
d:\temp\FastReport255\Source\frd_flde.pas=
d:\temp\FastReport255\Source\frd_fldl.dfm=
d:\temp\FastReport255\Source\frd_fldl.pas=
d:\temp\FastReport255\Source\frd_form.dfm=
d:\temp\FastReport255\Source\frd_form.pas=
d:\temp\FastReport255\Source\frd_list.dfm=
d:\temp\FastReport255\Source\frd_list.pas=
d:\temp\FastReport255\Source\frd_look.dfm=
d:\temp\FastReport255\Source\frd_look.pas=
d:\temp\FastReport255\Source\frd_md.dfm=
d:\temp\FastReport255\Source\frd_md.pas=
d:\temp\FastReport255\Source\frd_mngr.pas=
d:\temp\FastReport255\Source\frd_mngr.res=
d:\temp\FastReport255\Source\frd_parm.dfm=
d:\temp\FastReport255\Source\frd_parm.pas=
d:\temp\FastReport255\Source\frd_prop.dfm=
d:\temp\FastReport255\Source\frd_prop.pas=
d:\temp\FastReport255\Source\frd_qry.dfm=
d:\temp\FastReport255\Source\frd_qry.inc=
d:\temp\FastReport255\Source\frd_qry.pas=
d:\temp\FastReport255\Source\frd_tbl.dfm=
d:\temp\FastReport255\Source\frd_tbl.pas=
d:\temp\FastReport255\Source\frd_tbl1.dfm=
d:\temp\FastReport255\Source\frd_tbl1.pas=
d:\temp\FastReport255\Source\frd_wrap.pas=
d:\temp\FastReport255\Source\frexpimg.dfm=
d:\temp\FastReport255\Source\frexpimg.pas=
d:\temp\FastReport255\Source\frHTMExp.dfm=
d:\temp\FastReport255\Source\frHTMExp.pas=
d:\temp\FastReport255\Source\frIEMatrix.pas=
d:\temp\FastReport255\Source\frOLEExl.dfm=
d:\temp\FastReport255\Source\frOLEExl.pas=
d:\temp\FastReport255\Source\frProgr.dfm=
d:\temp\FastReport255\Source\frProgr.pas=
d:\temp\FastReport255\Source\frRtfExp.dfm=
d:\temp\FastReport255\Source\frRtfExp.pas=
d:\temp\FastReport255\Source\frTXTExp.dfm=
d:\temp\FastReport255\Source\frTXTExp.pas=
d:\temp\FastReport255\Source\frTxtExpPrn.dfm=
d:\temp\FastReport255\Source\frTxtExpPrn.pas=
d:\temp\FastReport255\Source\frXMLExl.dfm=
d:\temp\FastReport255\Source\frXMLExl.pas=
d:\temp\FastReport255\Source\fr_about.dfm=
d:\temp\FastReport255\Source\fr_about.pas=
d:\temp\FastReport255\Source\fr_arg.dfm=
d:\temp\FastReport255\Source\fr_arg.pas=
d:\temp\FastReport255\Source\fr_attre.dfm=
d:\temp\FastReport255\Source\fr_attre.pas=
d:\temp\FastReport255\Source\fr_barc.dfm=
d:\temp\FastReport255\Source\fr_barc.pas=
d:\temp\FastReport255\Source\fr_barc.res=
d:\temp\FastReport255\Source\fr_bnded.dfm=
d:\temp\FastReport255\Source\fr_bnded.pas=
d:\temp\FastReport255\Source\fr_btyp.dfm=
d:\temp\FastReport255\Source\fr_btyp.pas=
d:\temp\FastReport255\Source\fr_chart.dfm=
d:\temp\FastReport255\Source\fr_chart.pas=
d:\temp\FastReport255\Source\fr_chbox.pas=
d:\temp\FastReport255\Source\fr_chbox.res=
d:\temp\FastReport255\Source\fr_class.int=
d:\temp\FastReport255\Source\fr_class.pas=
d:\temp\FastReport255\Source\fr_color.pas=
d:\temp\FastReport255\Source\fr_combo.pas=
d:\temp\FastReport255\Source\fr_combo.res=
d:\temp\FastReport255\Source\fr_const.pas=
d:\temp\FastReport255\Source\fr_cross.dfm=
d:\temp\FastReport255\Source\FR_Cross.pas=
d:\temp\FastReport255\Source\fr_cross1.pas=
d:\temp\FastReport255\Source\fr_crossd.dfm=
d:\temp\FastReport255\Source\fr_crossd.pas=
d:\temp\FastReport255\Source\fr_ctrls.pas=
d:\temp\FastReport255\Source\fr_dbfldeditor.dfm=
d:\temp\FastReport255\Source\fr_dbfldeditor.pas=
d:\temp\FastReport255\Source\fr_dbfldlist.dfm=
d:\temp\FastReport255\Source\fr_dbfldlist.pas=
d:\temp\FastReport255\Source\fr_dblookupctl.pas=
d:\temp\FastReport255\Source\fr_dbnewlookup.dfm=
d:\temp\FastReport255\Source\fr_dbnewlookup.pas=
d:\temp\FastReport255\Source\fr_dbop.pas=
d:\temp\FastReport255\Source\fr_dbop.res=
d:\temp\FastReport255\Source\fr_dbrel.pas=
d:\temp\FastReport255\Source\fr_dbset.pas=
d:\temp\FastReport255\Source\fr_dbsqledit.dfm=
d:\temp\FastReport255\Source\fr_dbsqledit.inc=
d:\temp\FastReport255\Source\fr_dbsqledit.pas=
d:\temp\FastReport255\Source\fr_dbutils.pas=
d:\temp\FastReport255\Source\fr_dctrl.pas=
d:\temp\FastReport255\Source\fr_dctrl.res=
d:\temp\FastReport255\Source\fr_debug.pas=
d:\temp\FastReport255\Source\fr_desgn.dfm=
d:\temp\FastReport255\Source\fr_desgn.pas=
d:\temp\FastReport255\Source\fr_desgn.res=
d:\temp\FastReport255\Source\fr_dict.dfm=
d:\temp\FastReport255\Source\fr_dict.pas=
d:\temp\FastReport255\Source\fr_dock.dfm=
d:\temp\FastReport255\Source\fr_dock.pas=
d:\temp\FastReport255\Source\fr_dopt.dfm=
d:\temp\FastReport255\Source\fr_dopt.pas=
d:\temp\FastReport255\Source\fr_dset.pas=
d:\temp\FastReport255\Source\fr_dsopt.dfm=
d:\temp\FastReport255\Source\fr_dsopt.pas=
d:\temp\FastReport255\Source\fr_edit.dfm=
d:\temp\FastReport255\Source\fr_edit.inc=
d:\temp\FastReport255\Source\fr_edit.pas=
d:\temp\FastReport255\Source\fr_edit1.dfm=
d:\temp\FastReport255\Source\fr_edit1.pas=
d:\temp\FastReport255\Source\fr_expr.dfm=
d:\temp\FastReport255\Source\fr_expr.pas=
d:\temp\FastReport255\Source\fr_e_csv.dfm=
d:\temp\FastReport255\Source\fr_e_csv.pas=
d:\temp\FastReport255\Source\fr_e_htm.dfm=
d:\temp\FastReport255\Source\fr_e_htm.pas=
d:\temp\FastReport255\Source\fr_e_html2.dfm=
d:\temp\FastReport255\Source\fr_e_html2.pas=
d:\temp\FastReport255\Source\fr_e_html2_editors.pas=
d:\temp\FastReport255\Source\fr_e_rtf.dfm=
d:\temp\FastReport255\Source\fr_e_rtf.pas=
d:\temp\FastReport255\Source\fr_e_txt.dfm=
d:\temp\FastReport255\Source\fr_e_txt.pas=
d:\temp\FastReport255\Source\fr_flds.dfm=
d:\temp\FastReport255\Source\fr_flds.pas=
d:\temp\FastReport255\Source\fr_flds1.dfm=
d:\temp\FastReport255\Source\fr_flds1.pas=
d:\temp\FastReport255\Source\fr_fmted.dfm=
d:\temp\FastReport255\Source\fr_fmted.pas=
d:\temp\FastReport255\Source\fr_funcs.dfm=
d:\temp\FastReport255\Source\fr_funcs.pas=
d:\temp\FastReport255\Source\fr_gedit.dfm=
d:\temp\FastReport255\Source\fr_gedit.pas=
d:\temp\FastReport255\Source\fr_grped.dfm=
d:\temp\FastReport255\Source\fr_grped.pas=
d:\temp\FastReport255\Source\fr_hilit.dfm=
d:\temp\FastReport255\Source\fr_hilit.pas=
d:\temp\FastReport255\Source\fr_iflds.dfm=
d:\temp\FastReport255\Source\fr_iflds.pas=
d:\temp\FastReport255\Source\fr_insp.dfm=
d:\temp\FastReport255\Source\fr_insp.pas=
d:\temp\FastReport255\Source\fr_intrp.pas=
d:\temp\FastReport255\Source\fr_ledit.dfm=
d:\temp\FastReport255\Source\fr_ledit.pas=
d:\temp\FastReport255\Source\fr_lng1.res=
d:\temp\FastReport255\Source\fr_lng2.res=
d:\temp\FastReport255\Source\fr_lng3.res=
d:\temp\FastReport255\Source\fr_lng4.res=
d:\temp\FastReport255\Source\fr_lng5.res=
d:\temp\FastReport255\Source\fr_newrp.dfm=
d:\temp\FastReport255\Source\fr_newrp.pas=
d:\temp\FastReport255\Source\fr_ole.dfm=
d:\temp\FastReport255\Source\fr_ole.pas=
d:\temp\FastReport255\Source\fr_pagef.dfm=
d:\temp\FastReport255\Source\fr_pagef.pas=
d:\temp\FastReport255\Source\fr_pars.pas=
d:\temp\FastReport255\Source\fr_passw.dfm=
d:\temp\FastReport255\Source\fr_passw.pas=
d:\temp\FastReport255\Source\fr_pgopt.dfm=
d:\temp\FastReport255\Source\fr_pgopt.pas=
d:\temp\FastReport255\Source\fr_popuplb.dfm=
d:\temp\FastReport255\Source\fr_popuplb.pas=
d:\temp\FastReport255\Source\FR_PrDlg.dfm=
d:\temp\FastReport255\Source\FR_PrDlg.pas=
d:\temp\FastReport255\Source\fr_prntr.pas=
d:\temp\FastReport255\Source\fr_progr.dfm=
d:\temp\FastReport255\Source\fr_progr.pas=
d:\temp\FastReport255\Source\fr_ptabl.pas=
d:\temp\FastReport255\Source\fr_qbeng.pas=
d:\temp\FastReport255\Source\fr_reg.dcr=
d:\temp\FastReport255\Source\fr_reg.pas=
d:\temp\FastReport255\Source\fr_restr.dfm=
d:\temp\FastReport255\Source\fr_restr.pas=
d:\temp\FastReport255\Source\fr_rich.dfm=
d:\temp\FastReport255\Source\fr_rich.pas=
d:\temp\FastReport255\Source\fr_rrect.dfm=
d:\temp\FastReport255\Source\fr_rrect.pas=
d:\temp\FastReport255\Source\fr_rrect.res=
d:\temp\FastReport255\Source\fr_rxrtf.dfm=
d:\temp\FastReport255\Source\fr_rxrtf.pas=
d:\temp\FastReport255\Source\fr_shape.pas=
d:\temp\FastReport255\Source\fr_shape.res=
d:\temp\FastReport255\Source\fr_srch.dfm=
d:\temp\FastReport255\Source\fr_srch.pas=
d:\temp\FastReport255\Source\fr_synmemo.dfm=
d:\temp\FastReport255\Source\fr_synmemo.pas=
d:\temp\FastReport255\Source\fr_templ.dfm=
d:\temp\FastReport255\Source\fr_templ.pas=
d:\temp\FastReport255\Source\FR_Utils.pas=
d:\temp\FastReport255\Source\fr_var.dfm=
d:\temp\FastReport255\Source\fr_var.pas=
d:\temp\FastReport255\Source\fr_vared.dfm=
d:\temp\FastReport255\Source\fr_vared.pas=
d:\temp\FastReport255\Source\fr_vbnd.dfm=
d:\temp\FastReport255\Source\fr_vbnd.pas=
d:\temp\FastReport255\Source\fr_view.dfm=
d:\temp\FastReport255\Source\fr_view.pas=
d:\temp\FastReport255\Source\ado\FRADO5.bpk=
d:\temp\FastReport255\Source\ado\FRADO5.cpp=
d:\temp\FastReport255\Source\ado\Frado5.dpk=
d:\temp\FastReport255\Source\ado\Frado5.res=
d:\temp\FastReport255\Source\ado\FRADO6.bpk=
d:\temp\FastReport255\Source\ado\FRADO6.cpp=
d:\temp\FastReport255\Source\ado\FRADO6.dpk=
d:\temp\FastReport255\Source\ado\FRADO6.res=
d:\temp\FastReport255\Source\ado\FRADO7.dpk=
d:\temp\FastReport255\Source\ado\FRADO7.res=
d:\temp\FastReport255\Source\ado\frado9.bdsproj=
d:\temp\FastReport255\Source\ado\FRADO9.dpk=
d:\temp\FastReport255\Source\ado\FRADO9.res=
d:\temp\FastReport255\Source\ado\Fr_ado.res=
d:\temp\FastReport255\Source\ado\FR_ADODb.pas=
d:\temp\FastReport255\Source\ado\FR_ADOMd.dfm=
d:\temp\FastReport255\Source\ado\FR_ADOMd.pas=
d:\temp\FastReport255\Source\ado\FR_ADOQb.pas=
d:\temp\FastReport255\Source\ado\FR_ADOQuery.pas=
d:\temp\FastReport255\Source\ado\FR_ADOQueryParam.dfm=
d:\temp\FastReport255\Source\ado\FR_ADOQueryParam.pas=
d:\temp\FastReport255\Source\ado\Fr_adoreg.dcr=
d:\temp\FastReport255\Source\ado\FR_ADOReg.pas=
d:\temp\FastReport255\Source\ado\FR_ADOTable.pas=
d:\temp\FastReport255\Source\bde\Frbde3.dpk=
d:\temp\FastReport255\Source\bde\Frbde4.bpk=
d:\temp\FastReport255\Source\bde\Frbde4.cpp=
d:\temp\FastReport255\Source\bde\Frbde4.dpk=
d:\temp\FastReport255\Source\bde\Frbde4.res=
d:\temp\FastReport255\Source\bde\Frbde5.bpk=
d:\temp\FastReport255\Source\bde\Frbde5.cpp=
d:\temp\FastReport255\Source\bde\Frbde5.dpk=
d:\temp\FastReport255\Source\bde\FRbde5.res=
d:\temp\FastReport255\Source\bde\FRBDE6.bpk=
d:\temp\FastReport255\Source\bde\FRBDE6.cpp=
d:\temp\FastReport255\Source\bde\Frbde6.dpk=
d:\temp\FastReport255\Source\bde\Frbde6.res=
d:\temp\FastReport255\Source\bde\FRBDE7.dpk=
d:\temp\FastReport255\Source\bde\FRBDE7.res=
d:\temp\FastReport255\Source\bde\frbde9.bdsproj=
d:\temp\FastReport255\Source\bde\FRBDE9.dpk=
d:\temp\FastReport255\Source\bde\FRBDE9.res=
d:\temp\FastReport255\Source\bde\Fr_bde.res=
d:\temp\FastReport255\Source\bde\FR_BDEDb.pas=
d:\temp\FastReport255\Source\bde\FR_BDEMd.dfm=
d:\temp\FastReport255\Source\bde\FR_BDEMd.pas=
d:\temp\FastReport255\Source\bde\FR_BDEQb.pas=
d:\temp\FastReport255\Source\bde\FR_BDEQuery.pas=
d:\temp\FastReport255\Source\bde\FR_BDEQueryParam.dfm=
d:\temp\FastReport255\Source\bde\FR_BDEQueryParam.pas=
d:\temp\FastReport255\Source\bde\Fr_bdereg.dcr=
d:\temp\FastReport255\Source\bde\FR_BDEReg.pas=
d:\temp\FastReport255\Source\bde\FR_BDETable.pas=
d:\temp\FastReport255\Source\dbx\FRDBX6.bpk=
d:\temp\FastReport255\Source\dbx\FRDBX6.cpp=
d:\temp\FastReport255\Source\dbx\FRDBX6.dpk=
d:\temp\FastReport255\Source\dbx\FrDBX6.res=
d:\temp\FastReport255\Source\dbx\FRDBX7.dpk=
d:\temp\FastReport255\Source\dbx\FRDBX7.res=
d:\temp\FastReport255\Source\dbx\frdbx9.bdsproj=
d:\temp\FastReport255\Source\dbx\FRDBX9.dpk=
d:\temp\FastReport255\Source\dbx\FRDBX9.res=
d:\temp\FastReport255\Source\dbx\FR_DBX.res=
d:\temp\FastReport255\Source\dbx\FR_DBXDB.pas=
d:\temp\FastReport255\Source\dbx\FR_DBXMd.dfm=
d:\temp\FastReport255\Source\dbx\FR_DBXMd.pas=
d:\temp\FastReport255\Source\dbx\FR_DBXQb.pas=
d:\temp\FastReport255\Source\dbx\FR_DBXQuery.pas=
d:\temp\FastReport255\Source\dbx\FR_DBXQueryParam.dfm=
d:\temp\FastReport255\Source\dbx\FR_DBXQueryParam.pas=
d:\temp\FastReport255\Source\dbx\FR_DBXReg.dcr=
d:\temp\FastReport255\Source\dbx\FR_DBXReg.pas=
d:\temp\FastReport255\Source\dbx\FR_DBXTable.pas=
d:\temp\FastReport255\Source\ibx\FRIBX5.bpk=
d:\temp\FastReport255\Source\ibx\FRIBX5.cpp=
d:\temp\FastReport255\Source\ibx\FRIBX5.DPK=
d:\temp\FastReport255\Source\ibx\FRibx5.res=
d:\temp\FastReport255\Source\ibx\FRIBX6.bpk=
d:\temp\FastReport255\Source\ibx\FRIBX6.cpp=
d:\temp\FastReport255\Source\ibx\FRIBX6.dpk=
d:\temp\FastReport255\Source\ibx\FRIBX6.res=
d:\temp\FastReport255\Source\ibx\FRIBX7.dpk=
d:\temp\FastReport255\Source\ibx\FRIBX7.res=
d:\temp\FastReport255\Source\ibx\fribx9.bdsproj=
d:\temp\FastReport255\Source\ibx\FRIBX9.dpk=
d:\temp\FastReport255\Source\ibx\FRIBX9.res=
d:\temp\FastReport255\Source\ibx\FR_IBX.RES=
d:\temp\FastReport255\Source\ibx\FR_IBXDb.pas=
d:\temp\FastReport255\Source\ibx\FR_IBXMd.dfm=
d:\temp\FastReport255\Source\ibx\FR_IBXMd.pas=
d:\temp\FastReport255\Source\ibx\FR_IBXQb.pas=
d:\temp\FastReport255\Source\ibx\FR_IBXQuery.pas=
d:\temp\FastReport255\Source\ibx\FR_IBXQueryParam.dfm=
d:\temp\FastReport255\Source\ibx\FR_IBXQueryParam.pas=
d:\temp\FastReport255\Source\ibx\FR_IBXReg.dcr=
d:\temp\FastReport255\Source\ibx\FR_IBXReg.pas=
d:\temp\FastReport255\Source\ibx\FR_IBXTable.pas=
d:\temp\FastReport255\Source\newengin\Main.dfm=
d:\temp\FastReport255\Source\newengin\Main.pas=
d:\temp\FastReport255\Source\newengin\NewEngin.dpr=
d:\temp\FastReport255\Source\newengin\NewEngin.res=
d:\temp\FastReport255\Source\xxx\Frxxx3.dpk=
d:\temp\FastReport255\Source\xxx\Frxxx4.dpk=
d:\temp\FastReport255\Source\xxx\Frxxx5.dpk=
d:\temp\FastReport255\Source\xxx\frxxx6.dpk=
d:\temp\FastReport255\Source\xxx\frxxx7.dpk=
d:\temp\FastReport255\Source\xxx\frxxx9.bdsproj=
d:\temp\FastReport255\Source\xxx\frxxx9.dpk=
d:\temp\FastReport255\Source\xxx\Fr_xxx.res=
d:\temp\FastReport255\Source\xxx\Fr_xxxdb.pas=
d:\temp\FastReport255\Source\xxx\FR_XXXMd.dfm=
d:\temp\FastReport255\Source\xxx\FR_XXXMd.pas=
d:\temp\FastReport255\Source\xxx\Fr_xxxqb.pas=
d:\temp\FastReport255\Source\xxx\FR_XXXQuery.pas=
d:\temp\FastReport255\Source\xxx\FR_XXXQueryParam.dfm=
d:\temp\FastReport255\Source\xxx\FR_XXXQueryParam.pas=
d:\temp\FastReport255\Source\xxx\Fr_xxxreg.dcr=
d:\temp\FastReport255\Source\xxx\FR_XXXReg.pas=
d:\temp\FastReport255\Source\xxx\FR_XXXTable.pas=

[{318F1EC1-6454-4ACF-9746-33F4AAE8E28F}.CreateDirs]
d:\temp\FastReport255\Demos=
d:\temp\FastReport255\Demos\calendar=
d:\temp\FastReport255\Demos\cb4demo=
d:\temp\FastReport255\Demos\cb5demo=
d:\temp\FastReport255\Demos\chart=
d:\temp\FastReport255\Demos\dfmstore=
d:\temp\FastReport255\Demos\dll=
d:\temp\FastReport255\Demos\enduser=
d:\temp\FastReport255\Demos\endusold=
d:\temp\FastReport255\Demos\manual=
d:\temp\FastReport255\Demos\mdi=
d:\temp\FastReport255\Demos\prngrid=
d:\temp\FastReport255\Demos\prntbl1=
d:\temp\FastReport255\Demos\prntbl2=
d:\temp\FastReport255\Demos\prntbl3=
d:\temp\FastReport255\Demos\reports=
d:\temp\FastReport255\Demos\runtime=

[{318F1EC1-6454-4ACF-9746-33F4AAE8E28F}.CopyFiles]
d:\temp\FastReport255\Demos\demos.txt=
d:\temp\FastReport255\Demos\calendar\CALENDAR.FRF=
d:\temp\FastReport255\Demos\calendar\PROJECT1.DPR=
d:\temp\FastReport255\Demos\calendar\PROJECT1.RES=
d:\temp\FastReport255\Demos\calendar\UNIT1.DFM=
d:\temp\FastReport255\Demos\calendar\UNIT1.PAS=
d:\temp\FastReport255\Demos\cb4demo\1.FRF=
d:\temp\FastReport255\Demos\cb4demo\10.FRF=
d:\temp\FastReport255\Demos\cb4demo\11.FRF=
d:\temp\FastReport255\Demos\cb4demo\12.FRF=
d:\temp\FastReport255\Demos\cb4demo\13.FRF=
d:\temp\FastReport255\Demos\cb4demo\14.FRF=
d:\temp\FastReport255\Demos\cb4demo\16.FRF=
d:\temp\FastReport255\Demos\cb4demo\17.FRF=
d:\temp\FastReport255\Demos\cb4demo\2.FRF=
d:\temp\FastReport255\Demos\cb4demo\3.FRF=
d:\temp\FastReport255\Demos\cb4demo\4.FRF=
d:\temp\FastReport255\Demos\cb4demo\40.FRF=
d:\temp\FastReport255\Demos\cb4demo\41.FRF=
d:\temp\FastReport255\Demos\cb4demo\42.FRF=
d:\temp\FastReport255\Demos\cb4demo\43.FRF=
d:\temp\FastReport255\Demos\cb4demo\44.FRF=
d:\temp\FastReport255\Demos\cb4demo\45.FRF=
d:\temp\FastReport255\Demos\cb4demo\5.FRF=
d:\temp\FastReport255\Demos\cb4demo\50.FRF=
d:\temp\FastReport255\Demos\cb4demo\51.FRF=
d:\temp\FastReport255\Demos\cb4demo\52.FRF=
d:\temp\FastReport255\Demos\cb4demo\53.FRF=
d:\temp\FastReport255\Demos\cb4demo\6.FRF=
d:\temp\FastReport255\Demos\cb4demo\7.FRF=
d:\temp\FastReport255\Demos\cb4demo\8.FRF=
d:\temp\FastReport255\Demos\cb4demo\9.FRF=
d:\temp\FastReport255\Demos\cb4demo\FRDemo.bpr=
d:\temp\FastReport255\Demos\cb4demo\FRDemo.cpp=
d:\temp\FastReport255\Demos\cb4demo\FRDemo.res=
d:\temp\FastReport255\Demos\cb4demo\HAND.RES=
d:\temp\FastReport255\Demos\cb4demo\Unit1.cpp=
d:\temp\FastReport255\Demos\cb4demo\Unit1.dfm=
d:\temp\FastReport255\Demos\cb4demo\Unit1.h=
d:\temp\FastReport255\Demos\cb4demo\Unit2.cpp=
d:\temp\FastReport255\Demos\cb4demo\Unit2.dfm=
d:\temp\FastReport255\Demos\cb4demo\Unit2.h=
d:\temp\FastReport255\Demos\cb4demo\Unit3.cpp=
d:\temp\FastReport255\Demos\cb4demo\Unit3.dfm=
d:\temp\FastReport255\Demos\cb4demo\Unit3.h=
d:\temp\FastReport255\Demos\cb4demo\Unit4.cpp=
d:\temp\FastReport255\Demos\cb4demo\Unit4.dfm=
d:\temp\FastReport255\Demos\cb4demo\Unit4.h=
d:\temp\FastReport255\Demos\cb5demo\1.FRF=
d:\temp\FastReport255\Demos\cb5demo\10.FRF=
d:\temp\FastReport255\Demos\cb5demo\11.FRF=
d:\temp\FastReport255\Demos\cb5demo\12.FRF=
d:\temp\FastReport255\Demos\cb5demo\13.FRF=
d:\temp\FastReport255\Demos\cb5demo\14.FRF=
d:\temp\FastReport255\Demos\cb5demo\16.FRF=
d:\temp\FastReport255\Demos\cb5demo\17.FRF=
d:\temp\FastReport255\Demos\cb5demo\2.FRF=
d:\temp\FastReport255\Demos\cb5demo\3.FRF=
d:\temp\FastReport255\Demos\cb5demo\4.FRF=
d:\temp\FastReport255\Demos\cb5demo\40.FRF=
d:\temp\FastReport255\Demos\cb5demo\41.FRF=
d:\temp\FastReport255\Demos\cb5demo\42.FRF=
d:\temp\FastReport255\Demos\cb5demo\43.FRF=
d:\temp\FastReport255\Demos\cb5demo\44.FRF=
d:\temp\FastReport255\Demos\cb5demo\45.FRF=
d:\temp\FastReport255\Demos\cb5demo\5.FRF=
d:\temp\FastReport255\Demos\cb5demo\50.FRF=
d:\temp\FastReport255\Demos\cb5demo\51.FRF=
d:\temp\FastReport255\Demos\cb5demo\52.FRF=
d:\temp\FastReport255\Demos\cb5demo\53.FRF=
d:\temp\FastReport255\Demos\cb5demo\6.FRF=
d:\temp\FastReport255\Demos\cb5demo\7.FRF=
d:\temp\FastReport255\Demos\cb5demo\8.FRF=
d:\temp\FastReport255\Demos\cb5demo\9.FRF=
d:\temp\FastReport255\Demos\cb5demo\FRDemo.bpr=
d:\temp\FastReport255\Demos\cb5demo\FRDemo.cpp=
d:\temp\FastReport255\Demos\cb5demo\FRDemo.res=
d:\temp\FastReport255\Demos\cb5demo\HAND.RES=
d:\temp\FastReport255\Demos\cb5demo\Unit1.cpp=
d:\temp\FastReport255\Demos\cb5demo\Unit1.dfm=
d:\temp\FastReport255\Demos\cb5demo\Unit1.h=
d:\temp\FastReport255\Demos\cb5demo\Unit2.cpp=
d:\temp\FastReport255\Demos\cb5demo\Unit2.dfm=
d:\temp\FastReport255\Demos\cb5demo\Unit2.h=
d:\temp\FastReport255\Demos\cb5demo\Unit3.cpp=
d:\temp\FastReport255\Demos\cb5demo\Unit3.dfm=
d:\temp\FastReport255\Demos\cb5demo\Unit3.h=
d:\temp\FastReport255\Demos\cb5demo\Unit4.cpp=
d:\temp\FastReport255\Demos\cb5demo\Unit4.dfm=
d:\temp\FastReport255\Demos\cb5demo\Unit4.h=
d:\temp\FastReport255\Demos\chart\CHARTDEM.DPR=
d:\temp\FastReport255\Demos\chart\CHARTDEM.RES=
d:\temp\FastReport255\Demos\chart\UNIT1.DFM=
d:\temp\FastReport255\Demos\chart\UNIT1.PAS=
d:\temp\FastReport255\Demos\dfmstore\PROJECT1.DPR=
d:\temp\FastReport255\Demos\dfmstore\PROJECT1.RES=
d:\temp\FastReport255\Demos\dfmstore\Unit1.dfm=
d:\temp\FastReport255\Demos\dfmstore\Unit1.pas=
d:\temp\FastReport255\Demos\dll\CALLDLL.DPR=
d:\temp\FastReport255\Demos\dll\CALLDLL.RES=
d:\temp\FastReport255\Demos\dll\FORMDLL.DFM=
d:\temp\FastReport255\Demos\dll\FORMDLL.PAS=
d:\temp\FastReport255\Demos\dll\RPTDLL.DPR=
d:\temp\FastReport255\Demos\dll\RPTDLL.RES=
d:\temp\FastReport255\Demos\dll\TESTDLL.DFM=
d:\temp\FastReport255\Demos\dll\TESTDLL.PAS=
d:\temp\FastReport255\Demos\enduser\0.frf=
d:\temp\FastReport255\Demos\enduser\1.FRF=
d:\temp\FastReport255\Demos\enduser\10.FRF=
d:\temp\FastReport255\Demos\enduser\11.FRF=
d:\temp\FastReport255\Demos\enduser\2.FRF=
d:\temp\FastReport255\Demos\enduser\3.FRF=
d:\temp\FastReport255\Demos\enduser\4.FRF=
d:\temp\FastReport255\Demos\enduser\5.FRF=
d:\temp\FastReport255\Demos\enduser\6.FRF=
d:\temp\FastReport255\Demos\enduser\7.FRF=
d:\temp\FastReport255\Demos\enduser\8.FRF=
d:\temp\FastReport255\Demos\enduser\9.FRF=
d:\temp\FastReport255\Demos\enduser\Enduser.dpr=
d:\temp\FastReport255\Demos\enduser\ENDUSER.RES=
d:\temp\FastReport255\Demos\enduser\Unit1.dfm=
d:\temp\FastReport255\Demos\enduser\Unit1.pas=
d:\temp\FastReport255\Demos\enduser\Unit2.dfm=
d:\temp\FastReport255\Demos\enduser\Unit2.pas=
d:\temp\FastReport255\Demos\endusold\0.FRF=
d:\temp\FastReport255\Demos\endusold\1.FRF=
d:\temp\FastReport255\Demos\endusold\2.FRF=
d:\temp\FastReport255\Demos\endusold\3.FRF=
d:\temp\FastReport255\Demos\endusold\Enduser.dpr=
d:\temp\FastReport255\Demos\endusold\Unit1.dfm=
d:\temp\FastReport255\Demos\endusold\Unit1.pas=
d:\temp\FastReport255\Demos\manual\PROJECT1.DPR=
d:\temp\FastReport255\Demos\manual\PROJECT1.RES=
d:\temp\FastReport255\Demos\manual\Unit1.dfm=
d:\temp\FastReport255\Demos\manual\Unit1.pas=
d:\temp\FastReport255\Demos\mdi\MAIN.DFM=
d:\temp\FastReport255\Demos\mdi\MAIN.PAS=
d:\temp\FastReport255\Demos\mdi\Mdiapp.dpr=
d:\temp\FastReport255\Demos\mdi\MDIAPP.RES=
d:\temp\FastReport255\Demos\prngrid\Project1.dpr=
d:\temp\FastReport255\Demos\prngrid\Project1.res=
d:\temp\FastReport255\Demos\prngrid\Unit1.dfm=
d:\temp\FastReport255\Demos\prngrid\Unit1.pas=
d:\temp\FastReport255\Demos\prntbl1\PRNTABLE.DPR=
d:\temp\FastReport255\Demos\prntbl1\PRNTABLE.RES=
d:\temp\FastReport255\Demos\prntbl1\Unit1.dfm=
d:\temp\FastReport255\Demos\prntbl1\Unit1.pas=
d:\temp\FastReport255\Demos\prntbl2\PRNTABLE.DPR=
d:\temp\FastReport255\Demos\prntbl2\PRNTABLE.RES=
d:\temp\FastReport255\Demos\prntbl2\Unit1.dfm=
d:\temp\FastReport255\Demos\prntbl2\Unit1.pas=
d:\temp\FastReport255\Demos\prntbl3\Project1.dpr=
d:\temp\FastReport255\Demos\prntbl3\PROJECT1.RES=
d:\temp\FastReport255\Demos\prntbl3\Unit1.dfm=
d:\temp\FastReport255\Demos\prntbl3\Unit1.pas=
d:\temp\FastReport255\Demos\reports\1.FRF=
d:\temp\FastReport255\Demos\reports\10.FRF=
d:\temp\FastReport255\Demos\reports\11.FRF=
d:\temp\FastReport255\Demos\reports\12.FRF=
d:\temp\FastReport255\Demos\reports\13.FRF=
d:\temp\FastReport255\Demos\reports\14.FRF=
d:\temp\FastReport255\Demos\reports\16.FRF=
d:\temp\FastReport255\Demos\reports\17.FRF=
d:\temp\FastReport255\Demos\reports\18.frf=
d:\temp\FastReport255\Demos\reports\19.frf=
d:\temp\FastReport255\Demos\reports\2.FRF=
d:\temp\FastReport255\Demos\reports\20.frf=
d:\temp\FastReport255\Demos\reports\21.frf=
d:\temp\FastReport255\Demos\reports\22.frf=
d:\temp\FastReport255\Demos\reports\23.frf=
d:\temp\FastReport255\Demos\reports\3.FRF=
d:\temp\FastReport255\Demos\reports\4.FRF=
d:\temp\FastReport255\Demos\reports\40.FRF=
d:\temp\FastReport255\Demos\reports\41.FRF=
d:\temp\FastReport255\Demos\reports\42.FRF=
d:\temp\FastReport255\Demos\reports\43.FRF=
d:\temp\FastReport255\Demos\reports\44.FRF=
d:\temp\FastReport255\Demos\reports\45.FRF=
d:\temp\FastReport255\Demos\reports\46.FRF=
d:\temp\FastReport255\Demos\reports\47.frf=
d:\temp\FastReport255\Demos\reports\5.FRF=
d:\temp\FastReport255\Demos\reports\50.FRF=
d:\temp\FastReport255\Demos\reports\51.FRF=
d:\temp\FastReport255\Demos\reports\52.FRF=
d:\temp\FastReport255\Demos\reports\53.FRF=
d:\temp\FastReport255\Demos\reports\54.FRF=
d:\temp\FastReport255\Demos\reports\6.FRF=
d:\temp\FastReport255\Demos\reports\7.FRF=
d:\temp\FastReport255\Demos\reports\8.FRF=
d:\temp\FastReport255\Demos\reports\9.FRF=
d:\temp\FastReport255\Demos\reports\crosstest.DB=
d:\temp\FastReport255\Demos\reports\Datasets.dfm=
d:\temp\FastReport255\Demos\reports\Datasets.pas=
d:\temp\FastReport255\Demos\reports\Frdemo.dpr=
d:\temp\FastReport255\Demos\reports\FRDEMO.RES=
d:\temp\FastReport255\Demos\reports\Hand.res=
d:\temp\FastReport255\Demos\reports\Unit1.dfm=
d:\temp\FastReport255\Demos\reports\Unit1.pas=
d:\temp\FastReport255\Demos\reports\Unit2.dfm=
d:\temp\FastReport255\Demos\reports\Unit2.pas=
d:\temp\FastReport255\Demos\reports\Unit3.dfm=
d:\temp\FastReport255\Demos\reports\Unit3.pas=
d:\temp\FastReport255\Demos\runtime\Project1.dpr=
d:\temp\FastReport255\Demos\runtime\PROJECT1.RES=
d:\temp\FastReport255\Demos\runtime\Unit1.dfm=
d:\temp\FastReport255\Demos\runtime\Unit1.pas=

[{E0F1FC59-2514-40DF-B7BF-3D1EA5C6EF7B}.CreateDirs]
d:\temp\FastReport255\Res=
d:\temp\FastReport255\Res\brazil=
d:\temp\FastReport255\Res\catalon=
d:\temp\FastReport255\Res\chinese=
d:\temp\FastReport255\Res\czech=
d:\temp\FastReport255\Res\danish=
d:\temp\FastReport255\Res\dutch=
d:\temp\FastReport255\Res\english=
d:\temp\FastReport255\Res\french=
d:\temp\FastReport255\Res\german=
d:\temp\FastReport255\Res\greek=
d:\temp\FastReport255\Res\hungary=
d:\temp\FastReport255\Res\italian=
d:\temp\FastReport255\Res\polish=
d:\temp\FastReport255\Res\romanian=
d:\temp\FastReport255\Res\russian=
d:\temp\FastReport255\Res\slovak=
d:\temp\FastReport255\Res\slovene=
d:\temp\FastReport255\Res\spanish=
d:\temp\FastReport255\Res\swedish=
d:\temp\FastReport255\Res\taiwan=
d:\temp\FastReport255\Res\turkish=
d:\temp\FastReport255\Res\ukraine=

[{E0F1FC59-2514-40DF-B7BF-3D1EA5C6EF7B}.CopyFiles]
d:\temp\FastReport255\Res\Makeall.bat=
d:\temp\FastReport255\Res\Makeres.bat=
d:\temp\FastReport255\Res\brazil\Fr_bra.dpr=
d:\temp\FastReport255\Res\brazil\fr_dbop.rc=
d:\temp\FastReport255\Res\brazil\Fr_desgn.res=
d:\temp\FastReport255\Res\brazil\fr_lng1.rc=
d:\temp\FastReport255\Res\brazil\fr_lng2.rc=
d:\temp\FastReport255\Res\brazil\fr_lng3.rc=
d:\temp\FastReport255\Res\brazil\fr_lng4.rc=
d:\temp\FastReport255\Res\brazil\fr_lng5.rc=
d:\temp\FastReport255\Res\brazil\Mk.bat=
d:\temp\FastReport255\Res\brazil\Mkdll.bat=
d:\temp\FastReport255\Res\catalon\Fr_cat.dpr=
d:\temp\FastReport255\Res\catalon\fr_dbop.rc=
d:\temp\FastReport255\Res\catalon\Fr_desgn.res=
d:\temp\FastReport255\Res\catalon\fr_lng1.rc=
d:\temp\FastReport255\Res\catalon\fr_lng2.rc=
d:\temp\FastReport255\Res\catalon\fr_lng3.rc=
d:\temp\FastReport255\Res\catalon\fr_lng4.rc=
d:\temp\FastReport255\Res\catalon\fr_lng5.rc=
d:\temp\FastReport255\Res\catalon\Mk.bat=
d:\temp\FastReport255\Res\catalon\Mkdll.bat=
d:\temp\FastReport255\Res\chinese\Fr_chi.dpr=
d:\temp\FastReport255\Res\chinese\fr_dbop.rc=
d:\temp\FastReport255\Res\chinese\Fr_desgn.res=
d:\temp\FastReport255\Res\chinese\fr_lng1.rc=
d:\temp\FastReport255\Res\chinese\fr_lng2.rc=
d:\temp\FastReport255\Res\chinese\fr_lng3.rc=
d:\temp\FastReport255\Res\chinese\fr_lng4.rc=
d:\temp\FastReport255\Res\chinese\fr_lng5.rc=
d:\temp\FastReport255\Res\chinese\Mk.bat=
d:\temp\FastReport255\Res\chinese\Mkdll.bat=
d:\temp\FastReport255\Res\czech\Fr_cze.dpr=
d:\temp\FastReport255\Res\czech\fr_dbop.rc=
d:\temp\FastReport255\Res\czech\Fr_desgn.res=
d:\temp\FastReport255\Res\czech\fr_lng1.rc=
d:\temp\FastReport255\Res\czech\fr_lng2.rc=
d:\temp\FastReport255\Res\czech\fr_lng3.rc=
d:\temp\FastReport255\Res\czech\fr_lng4.rc=
d:\temp\FastReport255\Res\czech\fr_lng5.rc=
d:\temp\FastReport255\Res\czech\Mk.bat=
d:\temp\FastReport255\Res\czech\Mkdll.bat=
d:\temp\FastReport255\Res\danish\Fr_dan.dpr=
d:\temp\FastReport255\Res\danish\fr_dbop.rc=
d:\temp\FastReport255\Res\danish\Fr_desgn.res=
d:\temp\FastReport255\Res\danish\fr_lng1.rc=
d:\temp\FastReport255\Res\danish\fr_lng2.rc=
d:\temp\FastReport255\Res\danish\fr_lng3.rc=
d:\temp\FastReport255\Res\danish\fr_lng4.rc=
d:\temp\FastReport255\Res\danish\fr_lng5.rc=
d:\temp\FastReport255\Res\danish\Mk.bat=
d:\temp\FastReport255\Res\danish\Mkdll.bat=
d:\temp\FastReport255\Res\dutch\fr_dbop.rc=
d:\temp\FastReport255\Res\dutch\Fr_desgn.res=
d:\temp\FastReport255\Res\dutch\Fr_dut.dpr=
d:\temp\FastReport255\Res\dutch\fr_lng1.rc=
d:\temp\FastReport255\Res\dutch\fr_lng2.rc=
d:\temp\FastReport255\Res\dutch\fr_lng3.rc=
d:\temp\FastReport255\Res\dutch\fr_lng4.rc=
d:\temp\FastReport255\Res\dutch\fr_lng5.rc=
d:\temp\FastReport255\Res\dutch\Mk.bat=
d:\temp\FastReport255\Res\dutch\Mkdll.bat=
d:\temp\FastReport255\Res\english\fr_dbop.rc=
d:\temp\FastReport255\Res\english\Fr_desgn.res=
d:\temp\FastReport255\Res\english\Fr_eng.dpr=
d:\temp\FastReport255\Res\english\fr_lng1.rc=
d:\temp\FastReport255\Res\english\fr_lng2.rc=
d:\temp\FastReport255\Res\english\fr_lng3.rc=
d:\temp\FastReport255\Res\english\fr_lng4.rc=
d:\temp\FastReport255\Res\english\fr_lng5.rc=
d:\temp\FastReport255\Res\english\Mk.bat=
d:\temp\FastReport255\Res\english\Mkdll.bat=
d:\temp\FastReport255\Res\french\fr_dbop.rc=
d:\temp\FastReport255\Res\french\Fr_desgn.res=
d:\temp\FastReport255\Res\french\Fr_fre.dpr=
d:\temp\FastReport255\Res\french\fr_lng1.rc=
d:\temp\FastReport255\Res\french\fr_lng2.rc=
d:\temp\FastReport255\Res\french\fr_lng3.rc=
d:\temp\FastReport255\Res\french\fr_lng4.rc=
d:\temp\FastReport255\Res\french\fr_lng5.rc=
d:\temp\FastReport255\Res\french\Mk.bat=
d:\temp\FastReport255\Res\french\Mkdll.bat=
d:\temp\FastReport255\Res\german\fr_dbop.rc=
d:\temp\FastReport255\Res\german\Fr_desgn.res=
d:\temp\FastReport255\Res\german\Fr_ger.dpr=
d:\temp\FastReport255\Res\german\fr_lng1.rc=
d:\temp\FastReport255\Res\german\Fr_lng2.rc=
d:\temp\FastReport255\Res\german\fr_lng3.rc=
d:\temp\FastReport255\Res\german\fr_lng4.rc=
d:\temp\FastReport255\Res\german\fr_lng5.rc=
d:\temp\FastReport255\Res\german\Mk.bat=
d:\temp\FastReport255\Res\german\Mkdll.bat=
d:\temp\FastReport255\Res\greek\fr_dbop.rc=
d:\temp\FastReport255\Res\greek\Fr_desgn.res=
d:\temp\FastReport255\Res\greek\Fr_el.dpr=
d:\temp\FastReport255\Res\greek\fr_lng1.rc=
d:\temp\FastReport255\Res\greek\fr_lng2.rc=
d:\temp\FastReport255\Res\greek\fr_lng3.rc=
d:\temp\FastReport255\Res\greek\fr_lng4.rc=
d:\temp\FastReport255\Res\greek\fr_lng5.rc=
d:\temp\FastReport255\Res\greek\Mk.bat=
d:\temp\FastReport255\Res\greek\Mkdll.bat=
d:\temp\FastReport255\Res\hungary\fr_dbop.rc=
d:\temp\FastReport255\Res\hungary\Fr_desgn.res=
d:\temp\FastReport255\Res\hungary\Fr_hun.dpr=
d:\temp\FastReport255\Res\hungary\fr_lng1.rc=
d:\temp\FastReport255\Res\hungary\fr_lng2.rc=
d:\temp\FastReport255\Res\hungary\fr_lng3.rc=
d:\temp\FastReport255\Res\hungary\fr_lng4.rc=
d:\temp\FastReport255\Res\hungary\fr_lng5.rc=
d:\temp\FastReport255\Res\hungary\Mk.bat=
d:\temp\FastReport255\Res\hungary\Mkdll.bat=
d:\temp\FastReport255\Res\italian\fr_dbop.rc=
d:\temp\FastReport255\Res\italian\Fr_desgn.res=
d:\temp\FastReport255\Res\italian\Fr_ita.dpr=
d:\temp\FastReport255\Res\italian\fr_lng1.rc=
d:\temp\FastReport255\Res\italian\fr_lng2.rc=
d:\temp\FastReport255\Res\italian\fr_lng3.rc=
d:\temp\FastReport255\Res\italian\fr_lng4.rc=
d:\temp\FastReport255\Res\italian\fr_lng5.rc=
d:\temp\FastReport255\Res\italian\Mk.bat=
d:\temp\FastReport255\Res\italian\Mkdll.bat=
d:\temp\FastReport255\Res\polish\fr_dbop.rc=
d:\temp\FastReport255\Res\polish\Fr_desgn.res=
d:\temp\FastReport255\Res\polish\fr_lng1.rc=
d:\temp\FastReport255\Res\polish\fr_lng2.rc=
d:\temp\FastReport255\Res\polish\fr_lng3.rc=
d:\temp\FastReport255\Res\polish\fr_lng4.rc=
d:\temp\FastReport255\Res\polish\fr_lng5.rc=
d:\temp\FastReport255\Res\polish\Fr_pol.dpr=
d:\temp\FastReport255\Res\polish\Mk.bat=
d:\temp\FastReport255\Res\polish\Mkdll.bat=
d:\temp\FastReport255\Res\romanian\fr_dbop.rc=
d:\temp\FastReport255\Res\romanian\Fr_desgn.res=
d:\temp\FastReport255\Res\romanian\fr_lng1.rc=
d:\temp\FastReport255\Res\romanian\fr_lng2.rc=
d:\temp\FastReport255\Res\romanian\fr_lng3.rc=
d:\temp\FastReport255\Res\romanian\fr_lng4.rc=
d:\temp\FastReport255\Res\romanian\fr_lng5.rc=
d:\temp\FastReport255\Res\romanian\Fr_rom.dpr=
d:\temp\FastReport255\Res\romanian\MK.BAT=
d:\temp\FastReport255\Res\romanian\MKDLL.BAT=
d:\temp\FastReport255\Res\russian\fr_dbop.rc=
d:\temp\FastReport255\Res\russian\Fr_desgn.res=
d:\temp\FastReport255\Res\russian\fr_lng1.rc=
d:\temp\FastReport255\Res\russian\fr_lng2.rc=
d:\temp\FastReport255\Res\russian\fr_lng3.rc=
d:\temp\FastReport255\Res\russian\fr_lng4.rc=
d:\temp\FastReport255\Res\russian\fr_lng5.rc=
d:\temp\FastReport255\Res\russian\Fr_rus.dpr=
d:\temp\FastReport255\Res\russian\Mk.bat=
d:\temp\FastReport255\Res\russian\Mkdll.bat=
d:\temp\FastReport255\Res\slovak\fr_dbop.rc=
d:\temp\FastReport255\Res\slovak\Fr_desgn.res=
d:\temp\FastReport255\Res\slovak\fr_lng1.rc=
d:\temp\FastReport255\Res\slovak\fr_lng2.rc=
d:\temp\FastReport255\Res\slovak\fr_lng3.rc=
d:\temp\FastReport255\Res\slovak\fr_lng4.rc=
d:\temp\FastReport255\Res\slovak\fr_lng5.rc=
d:\temp\FastReport255\Res\slovak\Fr_slo.dpr=
d:\temp\FastReport255\Res\slovak\Mk.bat=
d:\temp\FastReport255\Res\slovak\Mkdll.bat=
d:\temp\FastReport255\Res\slovene\fr_dbop.rc=
d:\temp\FastReport255\Res\slovene\Fr_desgn.res=
d:\temp\FastReport255\Res\slovene\fr_lng1.rc=
d:\temp\FastReport255\Res\slovene\fr_lng2.rc=
d:\temp\FastReport255\Res\slovene\fr_lng3.rc=
d:\temp\FastReport255\Res\slovene\fr_lng4.rc=
d:\temp\FastReport255\Res\slovene\fr_lng5.rc=
d:\temp\FastReport255\Res\slovene\Fr_slv.dpr=
d:\temp\FastReport255\Res\slovene\Mk.bat=
d:\temp\FastReport255\Res\slovene\Mkdll.bat=
d:\temp\FastReport255\Res\spanish\fr_dbop.rc=
d:\temp\FastReport255\Res\spanish\Fr_desgn.res=
d:\temp\FastReport255\Res\spanish\fr_lng1.rc=
d:\temp\FastReport255\Res\spanish\fr_lng2.rc=
d:\temp\FastReport255\Res\spanish\fr_lng3.rc=
d:\temp\FastReport255\Res\spanish\fr_lng4.rc=
d:\temp\FastReport255\Res\spanish\fr_lng5.rc=
d:\temp\FastReport255\Res\spanish\Fr_spa.dpr=
d:\temp\FastReport255\Res\spanish\Mk.bat=
d:\temp\FastReport255\Res\spanish\Mkdll.bat=
d:\temp\FastReport255\Res\swedish\fr_dbop.rc=
d:\temp\FastReport255\Res\swedish\Fr_desgn.res=
d:\temp\FastReport255\Res\swedish\fr_lng1.rc=
d:\temp\FastReport255\Res\swedish\fr_lng2.rc=
d:\temp\FastReport255\Res\swedish\fr_lng3.rc=
d:\temp\FastReport255\Res\swedish\fr_lng4.rc=
d:\temp\FastReport255\Res\swedish\fr_lng5.rc=
d:\temp\FastReport255\Res\swedish\Fr_swe.dpr=
d:\temp\FastReport255\Res\swedish\Mk.bat=
d:\temp\FastReport255\Res\swedish\Mkdll.bat=
d:\temp\FastReport255\Res\taiwan\Fr_dbop.rc=
d:\temp\FastReport255\Res\taiwan\Fr_desgn.res=
d:\temp\FastReport255\Res\taiwan\Fr_lng1.rc=
d:\temp\FastReport255\Res\taiwan\Fr_lng2.rc=
d:\temp\FastReport255\Res\taiwan\Fr_lng3.rc=
d:\temp\FastReport255\Res\taiwan\Fr_lng4.rc=
d:\temp\FastReport255\Res\taiwan\Fr_lng5.rc=
d:\temp\FastReport255\Res\taiwan\Fr_tai.dpr=
d:\temp\FastReport255\Res\taiwan\Mk.bat=
d:\temp\FastReport255\Res\taiwan\Mkdll.bat=
d:\temp\FastReport255\Res\turkish\fr_dbop.rc=
d:\temp\FastReport255\Res\turkish\Fr_desgn.res=
d:\temp\FastReport255\Res\turkish\fr_lng1.rc=
d:\temp\FastReport255\Res\turkish\fr_lng2.rc=
d:\temp\FastReport255\Res\turkish\fr_lng3.rc=
d:\temp\FastReport255\Res\turkish\fr_lng4.rc=
d:\temp\FastReport255\Res\turkish\fr_lng5.rc=
d:\temp\FastReport255\Res\turkish\Fr_tur.dpr=
d:\temp\FastReport255\Res\turkish\Mk.bat=
d:\temp\FastReport255\Res\turkish\Mkdll.bat=
d:\temp\FastReport255\Res\ukraine\fr_dbop.rc=
d:\temp\FastReport255\Res\ukraine\Fr_desgn.res=
d:\temp\FastReport255\Res\ukraine\fr_lng1.rc=
d:\temp\FastReport255\Res\ukraine\fr_lng2.rc=
d:\temp\FastReport255\Res\ukraine\fr_lng3.rc=
d:\temp\FastReport255\Res\ukraine\fr_lng4.rc=
d:\temp\FastReport255\Res\ukraine\fr_lng5.rc=
d:\temp\FastReport255\Res\ukraine\Fr_ukr.dpr=
d:\temp\FastReport255\Res\ukraine\Mk.bat=
d:\temp\FastReport255\Res\ukraine\Mkdll.bat=

[{5FAA95C2-583D-4E6F-A205-BC065B4C880F}.CopyFiles]
d:\temp\FastReport255\changes.rus=
d:\temp\FastReport255\changes.txt=
d:\temp\FastReport255\Dealers.rus=
d:\temp\FastReport255\Dealers.txt=
d:\temp\FastReport255\faq.rus=
d:\temp\FastReport255\faq.txt=
d:\temp\FastReport255\FastReports.url=
d:\temp\FastReport255\file_id.diz=
d:\temp\FastReport255\LICENSE.RTF=
d:\temp\FastReport255\license.rus=
d:\temp\FastReport255\license.txt=
d:\temp\FastReport255\license_rus.rtf=
d:\temp\FastReport255\Online Guide.url=
d:\temp\FastReport255\README.RTF=
d:\temp\FastReport255\readme.rus=
d:\temp\FastReport255\readme.txt=
d:\temp\FastReport255\readme_rus.rtf=
d:\temp\FastReport255\Register.url=
d:\temp\FastReport255\setup.rus=
d:\temp\FastReport255\setup.txt=
d:\temp\FastReport255\Support.url=
d:\temp\FastReport255\undocumented.chm=
d:\temp\FastReport255\undocumented_rus.chm=
d:\temp\FastReport255\Help\english\FR.CNT=
d:\temp\FastReport255\Help\english\Fr.hlp=
d:\temp\FastReport255\Help\english\FRUSER.CNT=
d:\temp\FastReport255\Help\english\Fruser.hlp=
d:\temp\FastReport255\Help\russian\FR.CNT=
d:\temp\FastReport255\Help\russian\Fr.hlp=
d:\temp\FastReport255\Help\russian\FRUSER.CNT=
d:\temp\FastReport255\Help\russian\Fruser.hlp=
d:\temp\FastReport255\Help\ukraine\FRUSER.CNT=
d:\temp\FastReport255\Help\ukraine\Fruser.hlp=
d:\temp\FastReport255\QueryBuilder\FastReportInstall.txt=
d:\temp\FastReport255\QueryBuilder\FILE_ID.DIZ=
d:\temp\FastReport255\QueryBuilder\history.txt=
d:\temp\FastReport255\QueryBuilder\license.txt=
d:\temp\FastReport255\QueryBuilder\readme.txt=
d:\temp\FastReport255\QueryBuilder\Demos\CB4\BDE\CB4Pbde.bpr=
d:\temp\FastReport255\QueryBuilder\Demos\CB4\BDE\CB4Pbde.cpp=
d:\temp\FastReport255\QueryBuilder\Demos\CB4\BDE\CB4Pbde.res=
d:\temp\FastReport255\QueryBuilder\Demos\CB4\BDE\CB4Ubde.cpp=
d:\temp\FastReport255\QueryBuilder\Demos\CB4\BDE\CB4Ubde.dfm=
d:\temp\FastReport255\QueryBuilder\Demos\CB4\BDE\CB4Ubde.h=
d:\temp\FastReport255\QueryBuilder\Demos\Delphi\BDE\D4Pbde.dpr=
d:\temp\FastReport255\QueryBuilder\Demos\Delphi\BDE\D4Pbde.res=
d:\temp\FastReport255\QueryBuilder\Demos\Delphi\BDE\D4Ubde.dfm=
d:\temp\FastReport255\QueryBuilder\Demos\Delphi\BDE\D4Ubde.pas=
d:\temp\FastReport255\QueryBuilder\Demos\Delphi\FIB\D4Pfib.dpr=
d:\temp\FastReport255\QueryBuilder\Demos\Delphi\FIB\D4Pfib.res=
d:\temp\FastReport255\QueryBuilder\Demos\Delphi\FIB\D4Ufib.dfm=
d:\temp\FastReport255\QueryBuilder\Demos\Delphi\FIB\D4Ufib.pas=
d:\temp\FastReport255\QueryBuilder\Demos\Delphi\IBO\D4Pibo.dpr=
d:\temp\FastReport255\QueryBuilder\Demos\Delphi\IBO\D4Pibo.res=
d:\temp\FastReport255\QueryBuilder\Demos\Delphi\IBO\D4Uibo.dfm=
d:\temp\FastReport255\QueryBuilder\Demos\Delphi\IBO\D4Uibo.pas=
d:\temp\FastReport255\QueryBuilder\Help\qbuilder.chm=
d:\temp\FastReport255\QueryBuilder\Misc\FastReports.url=
d:\temp\FastReport255\QueryBuilder\Misc\Support.url=
d:\temp\FastReport255\QueryBuilder\Source\dclOQB40.dpk=
d:\temp\FastReport255\QueryBuilder\Source\dclOQB50.dpk=
d:\temp\FastReport255\QueryBuilder\Source\dclOQB60.dpk=
d:\temp\FastReport255\QueryBuilder\Source\dclOQB70.dpk=
d:\temp\FastReport255\QueryBuilder\Source\OQB40.bpk=
d:\temp\FastReport255\QueryBuilder\Source\OQB40.cpp=
d:\temp\FastReport255\QueryBuilder\Source\OQB40.dpk=
d:\temp\FastReport255\QueryBuilder\Source\OQB40.res=
d:\temp\FastReport255\QueryBuilder\Source\OQB50.bpk=
d:\temp\FastReport255\QueryBuilder\Source\OQB50.cpp=
d:\temp\FastReport255\QueryBuilder\Source\OQB50.dpk=
d:\temp\FastReport255\QueryBuilder\Source\OQB50.res=
d:\temp\FastReport255\QueryBuilder\Source\OQB60.bpk=
d:\temp\FastReport255\QueryBuilder\Source\OQB60.cpp=
d:\temp\FastReport255\QueryBuilder\Source\OQB60.dpk=
d:\temp\FastReport255\QueryBuilder\Source\OQB60.res=
d:\temp\FastReport255\QueryBuilder\Source\OQB70.dpk=
d:\temp\FastReport255\QueryBuilder\Source\QBButton.res=
d:\temp\FastReport255\QueryBuilder\Source\QBDBFrm.dfm=
d:\temp\FastReport255\QueryBuilder\Source\QBDBFrm.pas=
d:\temp\FastReport255\QueryBuilder\Source\QBDBFrm2.dfm=
d:\temp\FastReport255\QueryBuilder\Source\QBDBFrm2.pas=
d:\temp\FastReport255\QueryBuilder\Source\QBdef.inc=
d:\temp\FastReport255\QueryBuilder\Source\QBDirFrm.dfm=
d:\temp\FastReport255\QueryBuilder\Source\QBDirFrm.pas=
d:\temp\FastReport255\QueryBuilder\Source\QBfrAbout.dfm=
d:\temp\FastReport255\QueryBuilder\Source\QBfrAbout.pas=
d:\temp\FastReport255\QueryBuilder\Source\QBLnkFrm.dfm=
d:\temp\FastReport255\QueryBuilder\Source\QBLnkFrm.pas=
d:\temp\FastReport255\QueryBuilder\Source\QBReg.dcr=
d:\temp\FastReport255\QueryBuilder\Source\QBReg.pas=
d:\temp\FastReport255\QueryBuilder\Source\QBuilder.dfm=
d:\temp\FastReport255\QueryBuilder\Source\QBuilder.pas=
d:\temp\FastReport255\QueryBuilder\Source\ADO\dclOQBADO50.dpk=
d:\temp\FastReport255\QueryBuilder\Source\ADO\dclOQBADO60.dpk=
d:\temp\FastReport255\QueryBuilder\Source\ADO\dclOQBADO70.dpk=
d:\temp\FastReport255\QueryBuilder\Source\ADO\OQBADO50.dpk=
d:\temp\FastReport255\QueryBuilder\Source\ADO\OQBADO60.dpk=
d:\temp\FastReport255\QueryBuilder\Source\ADO\OQBADO70.dpk=
d:\temp\FastReport255\QueryBuilder\Source\ADO\QBEADO.pas=
d:\temp\FastReport255\QueryBuilder\Source\ADO\QBEADOReg.dcr=
d:\temp\FastReport255\QueryBuilder\Source\ADO\QBEADOReg.pas=
d:\temp\FastReport255\QueryBuilder\Source\BDE\dclOQBBDE40.dpk=
d:\temp\FastReport255\QueryBuilder\Source\BDE\dclOQBBDE50.dpk=
d:\temp\FastReport255\QueryBuilder\Source\BDE\dclOQBBDE60.dpk=
d:\temp\FastReport255\QueryBuilder\Source\BDE\dclOQBBDE70.dpk=
d:\temp\FastReport255\QueryBuilder\Source\BDE\OQBBDE40.dpk=
d:\temp\FastReport255\QueryBuilder\Source\BDE\OQBBDE50.dpk=
d:\temp\FastReport255\QueryBuilder\Source\BDE\OQBBDE60.dpk=
d:\temp\FastReport255\QueryBuilder\Source\BDE\OQBBDE70.dpk=
d:\temp\FastReport255\QueryBuilder\Source\BDE\QBEBDE.pas=
d:\temp\FastReport255\QueryBuilder\Source\BDE\QBEBDEReg.dcr=
d:\temp\FastReport255\QueryBuilder\Source\BDE\QBEBDEReg.pas=
d:\temp\FastReport255\QueryBuilder\Source\DBX\dclOQBDBX60.dpk=
d:\temp\FastReport255\QueryBuilder\Source\DBX\dclOQBDBX70.dpk=
d:\temp\FastReport255\QueryBuilder\Source\DBX\OQBDBX60.dpk=
d:\temp\FastReport255\QueryBuilder\Source\DBX\OQBDBX70.dpk=
d:\temp\FastReport255\QueryBuilder\Source\DBX\QBEDBX.pas=
d:\temp\FastReport255\QueryBuilder\Source\DBX\QBEDBXReg.dcr=
d:\temp\FastReport255\QueryBuilder\Source\DBX\QBEDBXReg.pas=
d:\temp\FastReport255\QueryBuilder\Source\FIB\dclOQBFIB40.dpk=
d:\temp\FastReport255\QueryBuilder\Source\FIB\dclOQBFIB50.dpk=
d:\temp\FastReport255\QueryBuilder\Source\FIB\dclOQBFIB60.dpk=
d:\temp\FastReport255\QueryBuilder\Source\FIB\dclOQBFIB70.dpk=
d:\temp\FastReport255\QueryBuilder\Source\FIB\OQBFIB40.dpk=
d:\temp\FastReport255\QueryBuilder\Source\FIB\OQBFIB50.dpk=
d:\temp\FastReport255\QueryBuilder\Source\FIB\OQBFIB60.dpk=
d:\temp\FastReport255\QueryBuilder\Source\FIB\OQBFIB70.dpk=
d:\temp\FastReport255\QueryBuilder\Source\FIB\QBEFIB.pas=
d:\temp\FastReport255\QueryBuilder\Source\FIB\QBEFIBReg.dcr=
d:\temp\FastReport255\QueryBuilder\Source\FIB\QBEFIBReg.pas=
d:\temp\FastReport255\QueryBuilder\Source\IBO\dclOQBIBO40.dpk=
d:\temp\FastReport255\QueryBuilder\Source\IBO\dclOQBIBO50.dpk=
d:\temp\FastReport255\QueryBuilder\Source\IBO\dclOQBIBO60.dpk=
d:\temp\FastReport255\QueryBuilder\Source\IBO\dclOQBIBO70.dpk=
d:\temp\FastReport255\QueryBuilder\Source\IBO\OQBIBO40.dpk=
d:\temp\FastReport255\QueryBuilder\Source\IBO\OQBIBO50.dpk=
d:\temp\FastReport255\QueryBuilder\Source\IBO\OQBIBO60.dpk=
d:\temp\FastReport255\QueryBuilder\Source\IBO\OQBIBO70.dpk=
d:\temp\FastReport255\QueryBuilder\Source\IBO\QBEIBO.pas=
d:\temp\FastReport255\QueryBuilder\Source\IBO\QBEIBOReg.dcr=
d:\temp\FastReport255\QueryBuilder\Source\IBO\QBEIBOReg.pas=
d:\temp\FastReport255\QueryBuilder\Source\IBX\dclOQBIBX50.dpk=
d:\temp\FastReport255\QueryBuilder\Source\IBX\dclOQBIBX60.dpk=
d:\temp\FastReport255\QueryBuilder\Source\IBX\dclOQBIBX70.dpk=
d:\temp\FastReport255\QueryBuilder\Source\IBX\OQBIBX50.dpk=
d:\temp\FastReport255\QueryBuilder\Source\IBX\OQBIBX60.dpk=
d:\temp\FastReport255\QueryBuilder\Source\IBX\OQBIBX70.dpk=
d:\temp\FastReport255\QueryBuilder\Source\IBX\QBEIBX.pas=
d:\temp\FastReport255\QueryBuilder\Source\IBX\QBEIBXReg.dcr=
d:\temp\FastReport255\QueryBuilder\Source\IBX\QBEIBXReg.pas=
d:\temp\FastReport255\frx_icon.ico=

[{5FAA95C2-583D-4E6F-A205-BC065B4C880F}.CreateDirs]
d:\temp\FastReport255\Help=
d:\temp\FastReport255\Help\english=
d:\temp\FastReport255\Help\russian=
d:\temp\FastReport255\Help\ukraine=
d:\temp\FastReport255\QueryBuilder=
d:\temp\FastReport255\QueryBuilder\Demos=
d:\temp\FastReport255\QueryBuilder\Demos\CB4=
d:\temp\FastReport255\QueryBuilder\Demos\CB4\BDE=
d:\temp\FastReport255\QueryBuilder\Demos\Delphi=
d:\temp\FastReport255\QueryBuilder\Demos\Delphi\BDE=
d:\temp\FastReport255\QueryBuilder\Demos\Delphi\FIB=
d:\temp\FastReport255\QueryBuilder\Demos\Delphi\IBO=
d:\temp\FastReport255\QueryBuilder\Help=
d:\temp\FastReport255\QueryBuilder\Misc=
d:\temp\FastReport255\QueryBuilder\Source=
d:\temp\FastReport255\QueryBuilder\Source\ADO=
d:\temp\FastReport255\QueryBuilder\Source\BDE=
d:\temp\FastReport255\QueryBuilder\Source\DBX=
d:\temp\FastReport255\QueryBuilder\Source\FIB=
d:\temp\FastReport255\QueryBuilder\Source\IBO=
d:\temp\FastReport255\QueryBuilder\Source\IBX=
C:\Documents and Settings\Vlad.II\Главное меню\Программы\FastReports=
C:\Documents and Settings\Vlad.II\Главное меню\Программы\FastReports\FastReport=

[{5FAA95C2-583D-4E6F-A205-BC065B4C880F}.Shortcuts]
C:\Documents and Settings\Vlad.II\Главное меню\Программы\FastReports\FastReport\License.lnk=
C:\Documents and Settings\Vlad.II\Главное меню\Программы\FastReports\FastReport\Readme.lnk=
C:\Documents and Settings\Vlad.II\Главное меню\Программы\FastReports\FastReport\Changes.lnk=
C:\Documents and Settings\Vlad.II\Главное меню\Программы\FastReports\FastReport\Whats new.lnk=
C:\Documents and Settings\Vlad.II\Главное меню\Программы\FastReports\FastReport\FastReport site.lnk=
C:\Documents and Settings\Vlad.II\Главное меню\Программы\FastReports\FastReport\Uninstall.lnk=

